=====CAIDA2007=====
series (0 - 9) for CAIDA2007(N=12160)

0:
G: CAIDA2007(N=12160)    DONE (278 msec)
P: 
M: ef-di(s=DEGREE_DESC)    DONE (1271617 msec)

1:
G: CAIDA2007(N=12160)    DONE (114 msec)
P: 
M: ef-di(s=DEGREE_DESC)    DONE (1675172 msec)

2:
G: CAIDA2007(N=12160)    DONE (46 msec)
P: 
M: ef-di(s=DEGREE_DESC)    DONE (1599889 msec)

3:
G: CAIDA2007(N=12160)    DONE (80 msec)
P: 
M: ef-di(s=DEGREE_DESC)    DONE (1440032 msec)

4:
G: CAIDA2007(N=12160)    DONE (38 msec)
P: 
M: ef-di(s=DEGREE_DESC)    DONE (1170532 msec)

5:
G: CAIDA2007(N=12160)    DONE (33 msec)
P: 
M: ef-di(s=DEGREE_DESC)    DONE (1160628 msec)

6:
G: CAIDA2007(N=12160)    DONE (39 msec)
P: 
M: ef-di(s=DEGREE_DESC)    DONE (1520210 msec)

7:
G: CAIDA2007(N=12160)    DONE (49 msec)
P: 
M: ef-di(s=DEGREE_DESC)    DONE (1639134 msec)

8:
G: CAIDA2007(N=12160)    DONE (33 msec)
P: 
M: ef-di(s=DEGREE_DESC)    DONE (1614673 msec)

9:
G: CAIDA2007(N=12160)    DONE (43 msec)
P: 
M: ef-di(s=DEGREE_DESC)    DONE (1664233 msec)

===> ./data/EffectiveDiameterDegree/READABLE_FOLDER_CAIDA2007-12160/    DONE (239 msec)


multi (1) average / linespoint    DONE (294 msec)
=====CAIDA2008=====
series (0 - 9) for CAIDA2008(N=14020)

0:
G: CAIDA2008(N=14020)    DONE (67 msec)
P: 
M: ef-di(s=DEGREE_DESC)    DONE (2347233 msec)

1:
G: CAIDA2008(N=14020)    DONE (56 msec)
P: 
M: ef-di(s=DEGREE_DESC)    DONE (2604873 msec)

2:
G: CAIDA2008(N=14020)    DONE (58 msec)
P: 
M: ef-di(s=DEGREE_DESC)    DONE (2305183 msec)

3:
G: CAIDA2008(N=14020)    DONE (56 msec)
P: 
M: ef-di(s=DEGREE_DESC)    DONE (2251187 msec)

4:
G: CAIDA2008(N=14020)    DONE (56 msec)
P: 
M: ef-di(s=DEGREE_DESC)    DONE (2298498 msec)

5:
G: CAIDA2008(N=14020)    DONE (56 msec)
P: 
M: ef-di(s=DEGREE_DESC)    DONE (2291332 msec)

6:
G: CAIDA2008(N=14020)    DONE (55 msec)
P: 
M: ef-di(s=DEGREE_DESC)    DONE (2300170 msec)

7:
G: CAIDA2008(N=14020)    DONE (67 msec)
P: 
M: ef-di(s=DEGREE_DESC)    DONE (2241633 msec)

8:
G: CAIDA2008(N=14020)    DONE (56 msec)
P: 
M: ef-di(s=DEGREE_DESC)    DONE (2245937 msec)

9:
G: CAIDA2008(N=14020)    DONE (60 msec)
P: 
M: ef-di(s=DEGREE_DESC)    DONE (2380812 msec)

===> ./data/EffectiveDiameterDegree/READABLE_FOLDER_CAIDA2008-14020/    DONE (95 msec)


multi (1) average / linespoint    DONE (315 msec)
=====CAIDA2009=====
series (0 - 9) for CAIDA2009(N=15178)

0:
G: CAIDA2009(N=15178)    DONE (70 msec)
P: 
M: ef-di(s=DEGREE_DESC)    DONE (2883482 msec)

1:
G: CAIDA2009(N=15178)    DONE (57 msec)
P: 
M: ef-di(s=DEGREE_DESC)    DONE (2775544 msec)

2:
G: CAIDA2009(N=15178)    DONE (74 msec)
P: 
M: ef-di(s=DEGREE_DESC)    DONE (2977532 msec)

3:
G: CAIDA2009(N=15178)    DONE (62 msec)
P: 
M: ef-di(s=DEGREE_DESC)    DONE (3852489 msec)

4:
G: CAIDA2009(N=15178)    DONE (104 msec)
P: 
M: ef-di(s=DEGREE_DESC)    DONE (4772278 msec)

5:
G: CAIDA2009(N=15178)    DONE (61 msec)
P: 
M: ef-di(s=DEGREE_DESC)    DONE (2899938 msec)

6:
G: CAIDA2009(N=15178)    DONE (69 msec)
P: 
M: ef-di(s=DEGREE_DESC)    DONE (2185815 msec)

7:
G: CAIDA2009(N=15178)    DONE (44 msec)
P: 
M: ef-di(s=DEGREE_DESC)    DONE (1918276 msec)

8:
G: CAIDA2009(N=15178)    DONE (43 msec)
P: 
M: ef-di(s=DEGREE_DESC)    DONE (1917225 msec)

9:
G: CAIDA2009(N=15178)    DONE (43 msec)
P: 
M: ef-di(s=DEGREE_DESC)    DONE (1931705 msec)

===> ./data/EffectiveDiameterDegree/READABLE_FOLDER_CAIDA2009-15178/    DONE (49 msec)


multi (1) average / linespoint    DONE (246 msec)
=====CAIDA2010=====
series (0 - 9) for CAIDA2010(N=16661)

0:
G: CAIDA2010(N=16661)    DONE (73 msec)
P: 
M: ef-di(s=DEGREE_DESC)    DONE (2224170 msec)

1:
G: CAIDA2010(N=16661)    DONE (46 msec)
P: 
M: ef-di(s=DEGREE_DESC)Exception in thread "main" java.lang.OutOfMemoryError: Java heap space
	at gtna.metrics.EffectiveDiameter.computeData(EffectiveDiameter.java:101)
	at gtna.data.Series.generateRun(Series.java:302)
	at gtna.data.Series.generate(Series.java:218)
	at gtna.data.Series.generate(Series.java:182)
	at gtna.projects.resilienceMeasures.Simulation.main(Simulation.java:83)
